
ERROR : No implementation of method: :resolve-key of protocol: #'buddy.sign.util/IKeyProvider found for class: nil At: 2021-04-22T00:26:14.723+07:00
ERROR : No implementation of method: :resolve-key of protocol: #'buddy.sign.util/IKeyProvider found for class: nil At: 2021-04-22T00:26:52.875+07:00
ERROR : No implementation of method: :resolve-key of protocol: #'buddy.sign.util/IKeyProvider found for class: nil At: 2021-04-22T00:32:41.820+07:00
ERROR :  At: 2021-04-22T00:32:54.004+07:00
ERROR :  At: 2021-04-22T00:33:34.864+07:00
ERROR : No implementation of method: :resolve-key of protocol: #'buddy.sign.util/IKeyProvider found for class: nil At: 2021-04-22T00:34:23.343+07:00
ERROR : No implementation of method: :resolve-key of protocol: #'buddy.sign.util/IKeyProvider found for class: nil At: 2021-04-22T00:34:50.704+07:00
ERROR : No implementation of method: :resolve-key of protocol: #'buddy.sign.util/IKeyProvider found for class: nil At: 2021-04-22T00:36:50.386+07:00
ERROR : No implementation of method: :resolve-key of protocol: #'buddy.sign.util/IKeyProvider found for class: nil At: 2021-04-22T00:38:44.473+07:00
ERROR : No implementation of method: :resolve-key of protocol: #'buddy.sign.util/IKeyProvider found for class: nil At: 2021-04-22T00:39:17.161+07:00
ERROR : No implementation of method: :resolve-key of protocol: #'buddy.sign.util/IKeyProvider found for class: nil At: 2021-04-22T00:40:43.292+07:00
ERROR : FN make-order Parameter Mismatch: :ID parameter data not found. At: 2021-04-22T10:47:34.525+07:00
ERROR : Message seems corrupt or manipulated. At: 2021-04-22T13:39:21.792+07:00
ERROR : FN make-order Parameter Mismatch: :ID parameter data not found. At: 2021-04-22T13:45:28.356+07:00
ERROR : FN make-order Parameter Mismatch: :ID parameter data not found. At: 2021-04-22T13:46:17.033+07:00
ERROR : FN make-order Batch entry 0 INSERT INTO ORDERS (
    ID,
    ISSUE_ID,
    OTHERS,
    IMAGES,
    LOCATIONS,
    TOTAL,
    APPOINTMENT_AT,
    CREATED_BY
) VALUES (
    '1c0ebb85-0660-419e-9c31-99fe13bd99a0'::uuid,
    '504e7e78-4c63-4d00-959b-55509a1a0aaa',
    'other issue',
    '{"url1","url2"}',
    'Phnom Penh Cambodia',
    '504e7e78-4c63-4d00-959b-55509a1a0aaa',
    1617943307,
    '556b7525-7392-45c4-8853-d3d14bcd8a41'
) was aborted: ERROR: column "total" is of type numeric but expression is of type character varying
  Hint: You will need to rewrite or cast the expression.
  Position: 184  Call getNextException to see other errors in the batch. At: 2021-04-22T13:46:56.629+07:00
ERROR : FN make-order Parameter Mismatch: :ID parameter data not found. At: 2021-04-22T14:58:01.890+07:00
ERROR : FN make-order class java.math.BigDecimal cannot be cast to class java.lang.String (java.math.BigDecimal and java.lang.String are in module java.base of loader 'bootstrap') At: 2021-04-22T15:01:40.702+07:00
ERROR : FN get-recent-order Parameter Mismatch: :CREATED_BY parameter data not found. At: 2021-04-22T16:15:52.323+07:00
ERROR : FN update-order-status Parameter Mismatch: :STATUS_ID parameter data not found. At: 2021-04-22T20:47:50.910+07:00
ERROR : FN canncled? Parameter Mismatch: :ID parameter data not found. At: 2021-04-22T21:39:46.841+07:00
ERROR : FN get-order-from-date-to-date ERROR: operator does not exist: timestamp without time zone >= character varying
  Hint: No operator matches the given name and argument types. You might need to add explicit type casts.
  Position: 379 At: 2021-04-22T23:38:45.719+07:00
ERROR : FN get-order-from-date-to-date ERROR: operator does not exist: timestamp without time zone >= character varying
  Hint: No operator matches the given name and argument types. You might need to add explicit type casts.
  Position: 379 At: 2021-04-22T23:43:33.800+07:00
454 Throttling failure: Daily message quota exceeded.
 At: 2021-04-24T23:40:58.355+07:00
ERROR : FN make-order Can't infer the SQL type to use for an instance of clojure.lang.PersistentVector. Use setObject() with an explicit Types value to specify the type to use. At: 2021-04-26T23:32:45.007+07:00
ERROR : FN make-order Can't infer the SQL type to use for an instance of [Ljava.lang.Character;. Use setObject() with an explicit Types value to specify the type to use. At: 2021-04-26T23:33:52.218+07:00
ERROR : FN make-order Wrong number of args (1) passed to: clojure.string/split At: 2021-04-27T00:42:29.219+07:00
ERROR : FN make-order Wrong number of args (1) passed to: clojure.string/split At: 2021-04-27T00:43:03.762+07:00
ERROR : FN make-order Wrong number of args (1) passed to: clojure.string/split At: 2021-04-27T00:44:49.455+07:00
ERROR : FN make-order Wrong number of args (1) passed to: clojure.string/split At: 2021-04-27T00:46:21.059+07:00
ERROR : FN make-order Wrong number of args (1) passed to: clojure.string/split At: 2021-04-27T00:47:11.936+07:00
ERROR : FN make-order Wrong number of args (1) passed to: clojure.string/split At: 2021-04-27T00:47:13.665+07:00
ERROR : FN make-order Wrong number of args (1) passed to: clojure.string/split At: 2021-04-27T00:47:55.013+07:00
ERROR : FN get-recent-order ERROR: syntax error at or near "LIMIT"
  Position: 2 At: 2021-04-29T21:06:15.962+07:00
ERROR : FN get-recent-order ERROR: syntax error at or near "LIMIT"
  Position: 2 At: 2021-04-29T21:22:42.042+07:00
ERROR : FN get-recent-order ERROR: syntax error at or near "LIMIT"
  Position: 2 At: 2021-04-29T21:40:14.806+07:00
ERROR : FN get-order-from-date-to-date Parameter Mismatch: :UPDATED_BY parameter data not found. At: 2021-04-30T00:01:22.898+07:00
ERROR : FN get-order-from-date-to-date Parameter Mismatch: :UPDATED_BY parameter data not found. At: 2021-04-30T00:28:53.610+07:00
ERROR : FN get-order-from-date-to-date Parameter Mismatch: :UPDATED_BY parameter data not found. At: 2021-04-30T00:29:55.293+07:00
ERROR : FN get-order-from-date-to-date Parameter Mismatch: :UPDATED_BY parameter data not found. At: 2021-04-30T00:30:34.204+07:00
ERROR : FN get-order-from-date-to-date Parameter Mismatch: :UPDATED_BY parameter data not found. At: 2021-04-30T00:33:17.000+07:00
ERROR : FN get-order-from-date-to-date Parameter Mismatch: :UPDATED_BY parameter data not found. At: 2021-04-30T00:34:43.566+07:00
ERROR : FN get-order-from-date-to-date Parameter Mismatch: :UPDATED_BY parameter data not found. At: 2021-04-30T00:42:09.901+07:00
ERROR : FN get-order-from-date-to-date Parameter Mismatch: :UPDATED_BY parameter data not found. At: 2021-04-30T00:43:09.858+07:00
ERROR : FN get-order-from-date-to-date Parameter Mismatch: :UPDATED_BY parameter data not found. At: 2021-04-30T00:46:21.085+07:00
ERROR : FN get-order-from-date-to-date Parameter Mismatch: :UPDATED_BY parameter data not found. At: 2021-04-30T00:46:46.952+07:00